   NOTE: First 160 commands in log from previous worksheets have been cut.
   The commands that successfully got all 3 questions answered are the last three pipeline commands on 180,181, and 182.
   
  161  nan
  162  script w3.txt
  163  ls
  164  vi amazon_reviews_us_Books_v1_02.tsv
  165  ls
  166  nano amazon_reviews_us_Books_v1_02.tsv
  167  sort -nk2 amazon_reviews_us_Books_v1_02.tsv| cut -f 2 | uniq -c | sort -nr | head -n 3
  168  script w3.txt
  169  ls
  170  nano amazon_Reviews_us_Books_v1_02.tsv
  171  nano amazon_reviews_us_Books_v1_02.tsv
  172  sort -nk2 amazon_reviews_us_Books_v1_02.tsv| cut -f 2 | uniq -c | sort -nr | head -n 3
  173  sort -nk4 amazon_reviews_us_Books_v1_02.tsv| cut -f 4 | uniq -c | sort -nr | head -n 3
  174  ls
  175  nano amazon_reviews_us_Books_v1_02.tsv
  176  sort -nk2 amazon_reviews_us_Books_v1_02.tsv| cut -f 2 | uniq -c | sort -nr | head -n 3
  177  sort -nk4 amazon_reviews_us_Books_v1_02.tsv| cut -f 4 | uniq -c | sort -nr | head -n 3
  178  sort -nk9 amazon_reviews_us_Books_v1_02.tsv | cut -f 9 | uniq -c | sort -nr | head
  179  nano amazon_reviews_us_Books_v1_02.tsv
  180  sort -nk9 amazon_reviews_us_Books_v1_02.tsv | cut -f 9 | uniq -c | sort -nr
  181  sort -nk9 amazon_reviews_us_Books_v1_02.tsv | cut -f 9 | uniq -c
  182  cut -f 9 amazon_reviews_us_Books_v1_02.tsv | sort -n | uniq -c
  183  script w3.txt
  184  history > cmds.log
